
- PARSER_STRICT == 1: -DHTTP_PARSER_STRICT=1 test_g.o -> test_fast
- PARSER_STRICT == 0 : -DHTTP_PARSER_STRICT=0 test.o -> test_g

[root@localhost http-parser]# make -j3
## compile
### compile strict
http_parser_g : cc  -I. -DHTTP_PARSER_STRICT=1  -Wall -Wextra -Werror -O0 -g  -c http_parser.c -o http_parser_g.o
test_g : cc  -I. -DHTTP_PARSER_STRICT=1  -Wall -Wextra -Werror -O0 -g  -c test.c -o test_g.o

### compile fast
http_parser.o : cc  -I. -DHTTP_PARSER_STRICT=0  -Wall -Wextra -Werror -O3  -c http_parser.c
test.o : cc  -I. -DHTTP_PARSER_STRICT=0  -Wall -Wextra -Werror -O3  -c test.c -o test.o

## link
### link strict 
strict : cc -Wall -Wextra -Werror -O0 -g   http_parser_g.o test_g.o -o test_g

### link fast
fast : cc -Wall -Wextra -Werror -O3   http_parser.o test.o -o test_fast

./test_g
http_parser v2.9.4 (0x020904)
	sizeof(http_parser) = 32
	response scan 1/2  100%
	response scan 2/2  100%
	responses okay
	request scan 1/4  100%
	request scan 2/4  100%
	request scan 3/4  100%
	request scan 4/4  100%
	requests okay
	./test_fast
	http_parser v2.9.4 (0x020904)
	sizeof(http_parser) = 32
	response scan 1/2  100%
	response scan 2/2  100%
	responses okay
	request scan 1/4  100%
	request scan 2/4  100%
	request scan 3/4  100%
	request scan 4/4  100%
	requests okay
	[root@localhost http-parser]# 
